build/app/outputs/mapping/release/seeds.txt
dev.amane.codedelaroute.MainActivity
dev.amane.codedelaroute.MainActivity: MainActivity()
...
com.google.firestore.v1.ListenResponse: int responseTypeCase_
kotlinx.coroutines.InvokeOnCancelling: int _invoked
com.google.firestore.v1.BatchGetDocumentsRequest: java.lang.String database_
com.google.firestore.bundle.BundledQuery: int LIMIT_TYPE_FIELD_NUMBER
kotlinx.coroutines.EventLoopImplBase: int _isCompleted
com.google.firebase.perf.v1.TraceMetric: int PERF_SESSIONS_FIELD_NUMBER
androidx.datastore.preferences.PreferencesProto$Value: androidx.datastore.preferences.PreferencesProto$Value DEFAULT_INSTANCE
com.google.firestore.v1.MapValue: int FIELDS_FIELD_NUMBER
io.flutter.embedding.engine.renderer.SurfaceTextureWrapper: java.lang.Runnable onFrameConsumed
com.google.firestore.bundle.BundledQuery: java.lang.String parent_
com.google.firestore.v1.Target$QueryTarget: java.lang.Object queryType_
com.google.firestore.v1.Precondition: int EXISTS_FIELD_NUMBER
com.google.firestore.admin.v1.Index: int queryScope_
com.google.firestore.v1.StructuredQuery: int END_AT_FIELD_NUMBER
io.flutter.plugin.editing.ImeSyncDeferringInsetsCallback: int deferredInsetTypes
androidx.window.embedding.ExtensionEmbeddingBackend$SplitListenerWrapper: androidx.core.util.Consumer callback
com.google.firestore.v1.StructuredQuery$Order: int FIELD_FIELD_NUMBER
com.google.firestore.v1.ListenRequest: int targetChangeCase_
kotlinx.coroutines.scheduling.CoroutineScheduler$Worker: int indexInArray
com.google.firebase.perf.v1.PerfSession: int SESSION_VERBOSITY_FIELD_NUMBER
com.google.firebase.perf.v1.GaugeMetric: java.lang.String sessionId_
com.google.firebase.firestore.proto.Target: int TARGET_ID_FIELD_NUMBER
io.flutter.embedding.engine.FlutterJNI: java.lang.Long nativeShellHolderId
com.google.firestore.v1.StructuredQuery$UnaryFilter: int operandTypeCase_
com.google.firebase.perf.v1.NetworkRequestMetric: com.google.protobuf.MapFieldLite customAttributes_
com.google.firestore.v1.RunAggregationQueryRequest: com.google.firestore.v1.RunAggregationQueryRequest DEFAULT_INSTANCE
kotlinx.coroutines.JobSupport: java.lang.Object _parentHandle
com.google.firebase.perf.v1.PerfMetric: int TRANSPORT_INFO_FIELD_NUMBER
com.google.firestore.v1.DocumentChange: com.google.firestore.v1.Document document_
androidx.datastore.preferences.PreferencesProto$Value: int DOUBLE_FIELD_NUMBER
androidx.window.layout.SidecarWindowBackend: boolean DEBUG
kotlin.jvm.internal.CallableReference: java.lang.Object receiver
com.google.firebase.perf.v1.AndroidMemoryReading: com.google.firebase.perf.v1.AndroidMemoryReading DEFAULT_INSTANCE
com.google.firestore.v1.TransactionOptions$ReadWrite: com.google.firestore.v1.TransactionOptions$ReadWrite DEFAULT_INSTANCE
com.google.firestore.v1.Value: int BYTES_VALUE_FIELD_NUMBER
androidx.datastore.preferences.PreferencesProto$Value: int LONG_FIELD_NUMBER
androidx.window.embedding.MatcherUtils: boolean sDebugMatchers
kotlinx.coroutines.EventLoopImplBase: java.lang.Object _queue
com.google.android.gms.common.internal.ConnectionTelemetryConfiguration: android.os.Parcelable$Creator CREATOR
com.google.firestore.v1.DocumentTransform: int DOCUMENT_FIELD_NUMBER
com.google.firestore.v1.AggregationResult: int AGGREGATE_FIELDS_FIELD_NUMBER
com.google.firestore.v1.StructuredQuery: int WHERE_FIELD_NUMBER
kotlinx.coroutines.scheduling.CoroutineScheduler: int _isTerminated
com.google.firebase.perf.v1.TraceMetric: com.google.protobuf.Internal$ProtobufList perfSessions_
androidx.datastore.preferences.PreferencesProto$StringSet: androidx.datastore.preferences.protobuf.Parser PARSER
com.google.firestore.v1.WriteRequest: com.google.protobuf.ByteString streamToken_
com.google.firestore.v1.StructuredAggregationQuery$Aggregation$Avg: int FIELD_FIELD_NUMBER
androidx.window.layout.ExtensionWindowLayoutInfoBackend$MulticastConsumer: android.app.Activity activity
kotlinx.coroutines.android.AndroidExceptionPreHandler: java.lang.Object _preHandler
io.flutter.embedding.engine.FlutterJNI: float displayDensity
com.google.firebase.perf.v1.TraceMetric: com.google.protobuf.MapFieldLite counters_