build/app/outputs/mapping/release/mapping.txt
# compiler: R8
# compiler_version: 3.3.70
# min_api: 21
# common_typos_disable
# {"id":"com.android.tools.r8.mapping","version":"2.0"}
# pg_map_id: e9792e5
# pg_map_hash: SHA-256 e9792e500b0c90eb84609a47ed7da4a51693ac05ab6d13c1da16bd5ccf367c79
...
androidx.core.app.FrameMetricsAggregator$FrameMetricsApi24Impl$$ExternalSyntheticApiModelOutline0 -> androidx.core.app.k:
# {"id":"sourceFile","fileName":"R8$$SyntheticClass"}
# {"id":"com.android.tools.r8.synthesized"}
    void androidx.core.app.FrameMetricsAggregator$FrameMetricsApi24Impl$$InternalSyntheticApiModelOutline$1$2c4dd910771d9e6de287bbc491cd559b2632df70b936c0ba1e327f20d650c82e$0.m(android.view.Window,android.view.Window$OnFrameMetricsAvailableListener,android.os.Handler) -> a
      # {"id":"com.android.tools.r8.synthesized"}
androidx.core.app.FrameMetricsAggregator$FrameMetricsApi24Impl$$ExternalSyntheticApiModelOutline1 -> androidx.core.app.l:
# {"id":"sourceFile","fileName":"R8$$SyntheticClass"}
# {"id":"com.android.tools.r8.synthesized"}
    void androidx.core.app.FrameMetricsAggregator$FrameMetricsApi24Impl$$InternalSyntheticApiModelOutline$1$aa7f41cf1c3e2c4b12fa3c1eb2d16a9b4ffc45c5ea5c37ecf36d9e0ba6cd9abf$0.m(android.view.Window,android.view.Window$OnFrameMetricsAvailableListener) -> a
      # {"id":"com.android.tools.r8.synthesized"}
androidx.core.app.FrameMetricsAggregator$FrameMetricsApi24Impl$1 -> androidx.core.app.m$a$a:
    androidx.core.app.FrameMetricsAggregator$FrameMetricsApi24Impl this$0 -> a
androidx.core.app.FrameMetricsAggregator$FrameMetricsBaseImpl -> androidx.core.app.m$b:
    void add(android.app.Activity) -> a
    android.util.SparseIntArray[] getMetrics() -> b
    android.util.SparseIntArray[] remove(android.app.Activity) -> c
    android.util.SparseIntArray[] reset() -> d
androidx.core.app.NavUtils -> androidx.core.app.n:
    android.content.Intent getParentActivityIntent(android.app.Activity) -> a
    android.content.Intent getParentActivityIntent(android.content.Context,android.content.ComponentName) -> b
    java.lang.String getParentActivityName(android.app.Activity) -> c
    java.lang.String getParentActivityName(android.content.Context,android.content.ComponentName) -> d
    void navigateUpTo(android.app.Activity,android.content.Intent) -> e
    boolean shouldUpRecreateTask(android.app.Activity,android.content.Intent) -> f
androidx.core.app.NavUtils$Api16Impl -> androidx.core.app.n$a:
    android.content.Intent getParentActivityIntent(android.app.Activity) -> a
    boolean navigateUpTo(android.app.Activity,android.content.Intent) -> b
    boolean shouldUpRecreateTask(android.app.Activity,android.content.Intent) -> c
androidx.core.app.NotificationBuilderWithBuilderAccessor -> androidx.core.app.o:
    android.app.Notification$Builder getBuilder() -> a
androidx.core.app.NotificationCompat -> androidx.core.app.p:
    android.os.Bundle getExtras(android.app.Notification) -> a
androidx.core.app.NotificationCompat$Action -> androidx.core.app.p$a:
    android.app.PendingIntent actionIntent -> k
    androidx.core.app.RemoteInput[] mDataOnlyRemoteInputs -> d
    android.os.Bundle mExtras -> a
    androidx.core.app.RemoteInput[] mRemoteInputs -> c
    androidx.core.graphics.drawable.IconCompat mIcon -> b
    int icon -> i
    boolean mAuthenticationRequired -> l
    boolean mAllowGeneratedReplies -> e
    boolean mShowsUserInterface -> f
    int mSemanticAction -> g
    boolean mIsContextual -> h
    java.lang.CharSequence title -> j
    android.app.PendingIntent getActionIntent() -> a
    boolean getAllowGeneratedReplies() -> b
    android.os.Bundle getExtras() -> c
    androidx.core.graphics.drawable.IconCompat getIconCompat() -> d
    androidx.core.app.RemoteInput[] getRemoteInputs() -> e
    int getSemanticAction() -> f
    boolean getShowsUserInterface() -> g
    java.lang.CharSequence getTitle() -> h
    boolean isAuthenticationRequired() -> i
    boolean isContextual() -> j