build/app/outputs/mapping/release/usage.txt
dev.amane.codedelaroute.BuildConfig
dev.amane.codedelaroute.R$anim
dev.amane.codedelaroute.R$attr
dev.amane.codedelaroute.R$bool
dev.amane.codedelaroute.R$color
dev.amane.codedelaroute.R$dimen
dev.amane.codedelaroute.R$drawable
dev.amane.codedelaroute.R$id
dev.amane.codedelaroute.R$integer
dev.amane.codedelaroute.R$interpolator
dev.amane.codedelaroute.R$layout
dev.amane.codedelaroute.R$mipmap
dev.amane.codedelaroute.R$raw
dev.amane.codedelaroute.R$string
dev.amane.codedelaroute.R$style
dev.amane.codedelaroute.R$styleable
dev.amane.codedelaroute.R$xml
dev.amane.codedelaroute.R
...
kotlinx.coroutines.channels.ChannelsKt__DeprecatedKt$lastIndexOf$1
kotlinx.coroutines.channels.ChannelsKt__DeprecatedKt$lastOrNull$1
kotlinx.coroutines.channels.ChannelsKt__DeprecatedKt$map$1
kotlinx.coroutines.channels.ChannelsKt__DeprecatedKt$mapIndexed$1
kotlinx.coroutines.channels.ChannelsKt__DeprecatedKt$maxWith$1
kotlinx.coroutines.channels.ChannelsKt__DeprecatedKt$minWith$1
kotlinx.coroutines.channels.ChannelsKt__DeprecatedKt$none$1
kotlinx.coroutines.channels.ChannelsKt__DeprecatedKt$requireNoNulls$1
kotlinx.coroutines.channels.ChannelsKt__DeprecatedKt$single$1
kotlinx.coroutines.channels.ChannelsKt__DeprecatedKt$singleOrNull$1
kotlinx.coroutines.channels.ChannelsKt__DeprecatedKt$take$1
kotlinx.coroutines.channels.ChannelsKt__DeprecatedKt$takeWhile$1
kotlinx.coroutines.channels.ChannelsKt__DeprecatedKt$toChannel$1
kotlinx.coroutines.channels.ChannelsKt__DeprecatedKt$toCollection$1
kotlinx.coroutines.channels.ChannelsKt__DeprecatedKt$toMap$2
kotlinx.coroutines.channels.ChannelsKt__DeprecatedKt$withIndex$1
kotlinx.coroutines.channels.ChannelsKt__DeprecatedKt$zip$1
kotlinx.coroutines.channels.ChannelsKt__DeprecatedKt$zip$2
kotlinx.coroutines.channels.ChannelsKt__DeprecatedKt
kotlinx.coroutines.channels.Closed:
    public void resumeSendClosed(kotlinx.coroutines.channels.Closed)
kotlinx.coroutines.channels.ConflatedBroadcastChannel$Closed
kotlinx.coroutines.channels.ConflatedBroadcastChannel$Companion
kotlinx.coroutines.channels.ConflatedBroadcastChannel$State
kotlinx.coroutines.channels.ConflatedBroadcastChannel$Subscriber
kotlinx.coroutines.channels.ConflatedBroadcastChannel$onSend$1
kotlinx.coroutines.channels.ConflatedBroadcastChannel
kotlinx.coroutines.channels.ConflatedChannel:
    protected final boolean isBufferAlwaysFull()
    protected final boolean isBufferFull()
    public boolean isEmpty()
    protected java.lang.Object offerSelectInternal(java.lang.Object,kotlinx.coroutines.selects.SelectInstance)
    protected void onCancelIdempotent(boolean)
    protected java.lang.Object pollSelectInternal(kotlinx.coroutines.selects.SelectInstance)
kotlinx.coroutines.channels.LazyActorCoroutine
kotlinx.coroutines.channels.LazyBroadcastCoroutine
kotlinx.coroutines.channels.LinkedListChannel:
    protected final boolean isBufferAlwaysFull()
    protected final boolean isBufferFull()
    protected java.lang.Object offerSelectInternal(java.lang.Object,kotlinx.coroutines.selects.SelectInstance)
    protected void onCancelIdempotentList-w-w6eGU(java.lang.Object,kotlinx.coroutines.channels.Closed)
kotlinx.coroutines.channels.ProduceKt$awaitClose$1
kotlinx.coroutines.channels.ProduceKt$awaitClose$2
kotlinx.coroutines.channels.ProduceKt$awaitClose$4$1
kotlinx.coroutines.channels.ProduceKt
kotlinx.coroutines.channels.ProducerCoroutine
kotlinx.coroutines.channels.ProducerScope$DefaultImpls
kotlinx.coroutines.channels.ProducerScope
kotlinx.coroutines.channels.ReceiveChannel$DefaultImpls
kotlinx.coroutines.channels.ReceiveChannel$onReceiveOrNull$1$registerSelectClause1$1
kotlinx.coroutines.channels.ReceiveChannel$onReceiveOrNull$1
kotlinx.coroutines.channels.ReceiveChannel$receiveOrNull$1
kotlinx.coroutines.channels.ReceiveChannel:
    public synthetic abstract void cancel()
    public abstract void cancel(java.util.concurrent.CancellationException)
    public synthetic abstract boolean cancel(java.lang.Throwable)
    public abstract kotlinx.coroutines.selects.SelectClause1 getOnReceive()
    public abstract kotlinx.coroutines.selects.SelectClause1 getOnReceiveCatching()
    public abstract kotlinx.coroutines.selects.SelectClause1 getOnReceiveOrNull()
    public abstract boolean isClosedForReceive()
    public abstract boolean isEmpty()
    public abstract java.lang.Object poll()
    public abstract java.lang.Object receiveCatching-JP2dKIU(kotlin.coroutines.Continuation)
    public abstract java.lang.Object receiveOrNull(kotlin.coroutines.Continuation)